2020-11-23 11:29:07,193 [10] ERROR EPiServer.Global: Unhandled exception in ASP.NET
System.Web.HttpException (0x80004005): Cannot redirect after HTTP headers have been sent.
   at System.Web.HttpResponse.Redirect(String url, Boolean endResponse, Boolean permanent)
   at System.Web.HttpResponseWrapper.Redirect(String url, Boolean endResponse)
   at System.Web.Mvc.RedirectResult.ExecuteResult(ControllerContext context)
   at System.Web.Mvc.ControllerActionInvoker.InvokeActionResult(ControllerContext controllerContext, ActionResult actionResult)
   at System.Web.Mvc.ControllerActionInvoker.InvokeActionResultFilterRecursive(IList`1 filters, Int32 filterIndex, ResultExecutingContext preContext, ControllerContext controllerContext, ActionResult actionResult)
   at System.Web.Mvc.ControllerActionInvoker.InvokeActionResultFilterRecursive(IList`1 filters, Int32 filterIndex, ResultExecutingContext preContext, ControllerContext controllerContext, ActionResult actionResult)
   at System.Web.Mvc.ControllerActionInvoker.InvokeActionResultFilterRecursive(IList`1 filters, Int32 filterIndex, ResultExecutingContext preContext, ControllerContext controllerContext, ActionResult actionResult)
   at System.Web.Mvc.ControllerActionInvoker.InvokeActionResultFilterRecursive(IList`1 filters, Int32 filterIndex, ResultExecutingContext preContext, ControllerContext controllerContext, ActionResult actionResult)
   at System.Web.Mvc.ControllerActionInvoker.InvokeActionResultFilterRecursive(IList`1 filters, Int32 filterIndex, ResultExecutingContext preContext, ControllerContext controllerContext, ActionResult actionResult)
   at System.Web.Mvc.ControllerActionInvoker.InvokeActionResultWithFilters(ControllerContext controllerContext, IList`1 filters, ActionResult actionResult)
   at System.Web.Mvc.Async.AsyncControllerActionInvoker.<>c__DisplayClass21.<>c__DisplayClass2b.<BeginInvokeAction>b__1c()
   at System.Web.Mvc.Async.AsyncControllerActionInvoker.<>c__DisplayClass21.<BeginInvokeAction>b__1e(IAsyncResult asyncResult)
   at System.Web.Mvc.Async.AsyncResultWrapper.WrappedAsyncResult`1.CallEndDelegate(IAsyncResult asyncResult)
   at System.Web.Mvc.Async.AsyncResultWrapper.WrappedAsyncResultBase`1.End()
   at System.Web.Mvc.Async.AsyncControllerActionInvoker.EndInvokeAction(IAsyncResult asyncResult)
   at System.Web.Mvc.Controller.<BeginExecuteCore>b__1d(IAsyncResult asyncResult, ExecuteCoreState innerState)
   at System.Web.Mvc.Async.AsyncResultWrapper.WrappedAsyncVoid`1.CallEndDelegate(IAsyncResult asyncResult)
   at System.Web.Mvc.Async.AsyncResultWrapper.WrappedAsyncResultBase`1.End()
   at System.Web.Mvc.Controller.EndExecuteCore(IAsyncResult asyncResult)
   at System.Web.Mvc.Controller.<BeginExecute>b__15(IAsyncResult asyncResult, Controller controller)
   at System.Web.Mvc.Async.AsyncResultWrapper.WrappedAsyncVoid`1.CallEndDelegate(IAsyncResult asyncResult)
   at System.Web.Mvc.Async.AsyncResultWrapper.WrappedAsyncResultBase`1.End()
   at System.Web.Mvc.Controller.EndExecute(IAsyncResult asyncResult)
   at System.Web.Mvc.Controller.System.Web.Mvc.Async.IAsyncController.EndExecute(IAsyncResult asyncResult)
   at System.Web.Mvc.MvcHandler.<BeginProcessRequest>b__5(IAsyncResult asyncResult, ProcessRequestState innerState)
   at System.Web.Mvc.Async.AsyncResultWrapper.WrappedAsyncVoid`1.CallEndDelegate(IAsyncResult asyncResult)
   at System.Web.Mvc.Async.AsyncResultWrapper.WrappedAsyncResultBase`1.End()
   at System.Web.Mvc.MvcHandler.EndProcessRequest(IAsyncResult asyncResult)
   at System.Web.Mvc.MvcHandler.System.Web.IHttpAsyncHandler.EndProcessRequest(IAsyncResult result)
   at System.Web.HttpApplication.CallHandlerExecutionStep.System.Web.HttpApplication.IExecutionStep.Execute()
   at System.Web.HttpApplication.ExecuteStepImpl(IExecutionStep step)
   at System.Web.HttpApplication.ExecuteStep(IExecutionStep step, Boolean& completedSynchronously)
System.Web.HttpException (0x80004005): Cannot redirect after HTTP headers have been sent.
   at System.Web.HttpResponse.Redirect(String url, Boolean endResponse, Boolean permanent)
   at System.Web.HttpResponseWrapper.Redirect(String url, Boolean endResponse)
   at System.Web.Mvc.RedirectResult.ExecuteResult(ControllerContext context)
   at System.Web.Mvc.ControllerActionInvoker.InvokeActionResult(ControllerContext controllerContext, ActionResult actionResult)
   at System.Web.Mvc.ControllerActionInvoker.InvokeActionResultFilterRecursive(IList`1 filters, Int32 filterIndex, ResultExecutingContext preContext, ControllerContext controllerContext, ActionResult actionResult)
   at System.Web.Mvc.ControllerActionInvoker.InvokeActionResultFilterRecursive(IList`1 filters, Int32 filterIndex, ResultExecutingContext preContext, ControllerContext controllerContext, ActionResult actionResult)
   at System.Web.Mvc.ControllerActionInvoker.InvokeActionResultFilterRecursive(IList`1 filters, Int32 filterIndex, ResultExecutingContext preContext, ControllerContext controllerContext, ActionResult actionResult)
   at System.Web.Mvc.ControllerActionInvoker.InvokeActionResultFilterRecursive(IList`1 filters, Int32 filterIndex, ResultExecutingContext preContext, ControllerContext controllerContext, ActionResult actionResult)
   at System.Web.Mvc.ControllerActionInvoker.InvokeActionResultFilterRecursive(IList`1 filters, Int32 filterIndex, ResultExecutingContext preContext, ControllerContext controllerContext, ActionResult actionResult)
   at System.Web.Mvc.ControllerActionInvoker.InvokeActionResultWithFilters(ControllerContext controllerContext, IList`1 filters, ActionResult actionResult)
   at System.Web.Mvc.Async.AsyncControllerActionInvoker.<>c__DisplayClass21.<>c__DisplayClass2b.<BeginInvokeAction>b__1c()
   at System.Web.Mvc.Async.AsyncControllerActionInvoker.<>c__DisplayClass21.<BeginInvokeAction>b__1e(IAsyncResult asyncResult)
   at System.Web.Mvc.Async.AsyncResultWrapper.WrappedAsyncResult`1.CallEndDelegate(IAsyncResult asyncResult)
   at System.Web.Mvc.Async.AsyncResultWrapper.WrappedAsyncResultBase`1.End()
   at System.Web.Mvc.Async.AsyncControllerActionInvoker.EndInvokeAction(IAsyncResult asyncResult)
   at System.Web.Mvc.Controller.<BeginExecuteCore>b__1d(IAsyncResult asyncResult, ExecuteCoreState innerState)
   at System.Web.Mvc.Async.AsyncResultWrapper.WrappedAsyncVoid`1.CallEndDelegate(IAsyncResult asyncResult)
   at System.Web.Mvc.Async.AsyncResultWrapper.WrappedAsyncResultBase`1.End()
   at System.Web.Mvc.Controller.EndExecuteCore(IAsyncResult asyncResult)
   at System.Web.Mvc.Controller.<BeginExecute>b__15(IAsyncResult asyncResult, Controller controller)
   at System.Web.Mvc.Async.AsyncResultWrapper.WrappedAsyncVoid`1.CallEndDelegate(IAsyncResult asyncResult)
   at System.Web.Mvc.Async.AsyncResultWrapper.WrappedAsyncResultBase`1.End()
   at System.Web.Mvc.Controller.EndExecute(IAsyncResult asyncResult)
   at System.Web.Mvc.Controller.System.Web.Mvc.Async.IAsyncController.EndExecute(IAsyncResult asyncResult)
   at System.Web.Mvc.MvcHandler.<BeginProcessRequest>b__5(IAsyncResult asyncResult, ProcessRequestState innerState)
   at System.Web.Mvc.Async.AsyncResultWrapper.WrappedAsyncVoid`1.CallEndDelegate(IAsyncResult asyncResult)
   at System.Web.Mvc.Async.AsyncResultWrapper.WrappedAsyncResultBase`1.End()
   at System.Web.Mvc.MvcHandler.EndProcessRequest(IAsyncResult asyncResult)
   at System.Web.Mvc.MvcHandler.System.Web.IHttpAsyncHandler.EndProcessRequest(IAsyncResult result)
   at System.Web.HttpApplication.CallHandlerExecutionStep.System.Web.HttpApplication.IExecutionStep.Execute()
   at System.Web.HttpApplication.ExecuteStepImpl(IExecutionStep step)
   at System.Web.HttpApplication.ExecuteStep(IExecutionStep step, Boolean& completedSynchronously)
2020-11-23 12:05:02,272 [1] ERROR EPiServer.Framework.Initialization.InitializationEngine: Initialize action failed for 'Initialize on class EPiServer.Data.DataInitialization, EPiServer.Data, Version=11.19.0.0, Culture=neutral, PublicKeyToken=8fe83dea738b45b7'
System.NotSupportedException: The database schema for 'CMS' has not been updated to version '7065.0', current database version is '7063.0'. Update the database manually by running the cmdlet 'Update-EPiDatabase' in the package manager console or set updateDatabaseSchema="true" on episerver.framework configuration element.
   at EPiServer.Data.SchemaUpdates.Internal.DatabaseSchemaManagerImplementation.ThrowUpdateDatabaseException(String displayName, Version databaseVersion, Version requiredVersion)
   at EPiServer.Data.SchemaUpdates.Internal.DatabaseSchemaManagerImplementation.EnsureDatabaseSchema(DataAccessOptions dataAccessOptions)
   at EPiServer.Data.DataInitialization.ValidateDatabaseSchema(InitializationEngine context)
   at EPiServer.Data.DataInitialization.Initialize(InitializationEngine context)
   at EPiServer.Framework.Initialization.Internal.ModuleNode.<>c__DisplayClass2_0.<Initialize>b__0()
   at EPiServer.Framework.Initialization.Internal.ModuleNode.Execute(Action a, String key)
   at EPiServer.Framework.Initialization.Internal.ModuleNode.Initialize(InitializationEngine context)
   at EPiServer.Framework.Initialization.InitializationEngine.InitializeModules()
System.NotSupportedException: The database schema for 'CMS' has not been updated to version '7065.0', current database version is '7063.0'. Update the database manually by running the cmdlet 'Update-EPiDatabase' in the package manager console or set updateDatabaseSchema="true" on episerver.framework configuration element.
   at EPiServer.Data.SchemaUpdates.Internal.DatabaseSchemaManagerImplementation.ThrowUpdateDatabaseException(String displayName, Version databaseVersion, Version requiredVersion)
   at EPiServer.Data.SchemaUpdates.Internal.DatabaseSchemaManagerImplementation.EnsureDatabaseSchema(DataAccessOptions dataAccessOptions)
   at EPiServer.Data.DataInitialization.ValidateDatabaseSchema(InitializationEngine context)
   at EPiServer.Data.DataInitialization.Initialize(InitializationEngine context)
   at EPiServer.Framework.Initialization.Internal.ModuleNode.<>c__DisplayClass2_0.<Initialize>b__0()
   at EPiServer.Framework.Initialization.Internal.ModuleNode.Execute(Action a, String key)
   at EPiServer.Framework.Initialization.Internal.ModuleNode.Initialize(InitializationEngine context)
   at EPiServer.Framework.Initialization.InitializationEngine.InitializeModules()
2020-11-23 12:56:23,395 [1] ERROR EPiServer.Framework.Initialization.InitializationEngine: Initialize action failed for 'Initialize on class EPiServer.Data.DataInitialization, EPiServer.Data, Version=11.19.0.0, Culture=neutral, PublicKeyToken=8fe83dea738b45b7'
System.NotSupportedException: The database schema for 'CMS' is not installed. Update the database manually by running the cmdlet 'Initialize-EPiDatabase' in the package manager console or set createDatabaseSchema="true" on episerver.framework configuration element.
   at EPiServer.Data.SchemaUpdates.Internal.DatabaseSchemaManagerImplementation.ThrowCreateDatabaseException(String displayName)
   at EPiServer.Data.SchemaUpdates.Internal.DatabaseSchemaManagerImplementation.EnsureDatabaseSchema(DataAccessOptions dataAccessOptions)
   at EPiServer.Data.DataInitialization.ValidateDatabaseSchema(InitializationEngine context)
   at EPiServer.Data.DataInitialization.Initialize(InitializationEngine context)
   at EPiServer.Framework.Initialization.Internal.ModuleNode.<>c__DisplayClass2_0.<Initialize>b__0()
   at EPiServer.Framework.Initialization.Internal.ModuleNode.Execute(Action a, String key)
   at EPiServer.Framework.Initialization.Internal.ModuleNode.Initialize(InitializationEngine context)
   at EPiServer.Framework.Initialization.InitializationEngine.InitializeModules()
System.NotSupportedException: The database schema for 'CMS' is not installed. Update the database manually by running the cmdlet 'Initialize-EPiDatabase' in the package manager console or set createDatabaseSchema="true" on episerver.framework configuration element.
   at EPiServer.Data.SchemaUpdates.Internal.DatabaseSchemaManagerImplementation.ThrowCreateDatabaseException(String displayName)
   at EPiServer.Data.SchemaUpdates.Internal.DatabaseSchemaManagerImplementation.EnsureDatabaseSchema(DataAccessOptions dataAccessOptions)
   at EPiServer.Data.DataInitialization.ValidateDatabaseSchema(InitializationEngine context)
   at EPiServer.Data.DataInitialization.Initialize(InitializationEngine context)
   at EPiServer.Framework.Initialization.Internal.ModuleNode.<>c__DisplayClass2_0.<Initialize>b__0()
   at EPiServer.Framework.Initialization.Internal.ModuleNode.Execute(Action a, String key)
   at EPiServer.Framework.Initialization.Internal.ModuleNode.Initialize(InitializationEngine context)
   at EPiServer.Framework.Initialization.InitializationEngine.InitializeModules()
2020-11-23 12:59:45,600 [9] ERROR EPiServer.Global: Unhandled exception in ASP.NET
System.Web.HttpException (0x80004005): Cannot redirect after HTTP headers have been sent.
   at System.Web.HttpResponse.Redirect(String url, Boolean endResponse, Boolean permanent)
   at System.Web.HttpResponseWrapper.Redirect(String url, Boolean endResponse)
   at System.Web.Mvc.RedirectResult.ExecuteResult(ControllerContext context)
   at System.Web.Mvc.ControllerActionInvoker.InvokeActionResult(ControllerContext controllerContext, ActionResult actionResult)
   at System.Web.Mvc.ControllerActionInvoker.InvokeActionResultFilterRecursive(IList`1 filters, Int32 filterIndex, ResultExecutingContext preContext, ControllerContext controllerContext, ActionResult actionResult)
   at System.Web.Mvc.ControllerActionInvoker.InvokeActionResultFilterRecursive(IList`1 filters, Int32 filterIndex, ResultExecutingContext preContext, ControllerContext controllerContext, ActionResult actionResult)
   at System.Web.Mvc.ControllerActionInvoker.InvokeActionResultFilterRecursive(IList`1 filters, Int32 filterIndex, ResultExecutingContext preContext, ControllerContext controllerContext, ActionResult actionResult)
   at System.Web.Mvc.ControllerActionInvoker.InvokeActionResultFilterRecursive(IList`1 filters, Int32 filterIndex, ResultExecutingContext preContext, ControllerContext controllerContext, ActionResult actionResult)
   at System.Web.Mvc.ControllerActionInvoker.InvokeActionResultFilterRecursive(IList`1 filters, Int32 filterIndex, ResultExecutingContext preContext, ControllerContext controllerContext, ActionResult actionResult)
   at System.Web.Mvc.ControllerActionInvoker.InvokeActionResultWithFilters(ControllerContext controllerContext, IList`1 filters, ActionResult actionResult)
   at System.Web.Mvc.Async.AsyncControllerActionInvoker.<>c__DisplayClass21.<>c__DisplayClass2b.<BeginInvokeAction>b__1c()
   at System.Web.Mvc.Async.AsyncControllerActionInvoker.<>c__DisplayClass21.<BeginInvokeAction>b__1e(IAsyncResult asyncResult)
   at System.Web.Mvc.Async.AsyncResultWrapper.WrappedAsyncResult`1.CallEndDelegate(IAsyncResult asyncResult)
   at System.Web.Mvc.Async.AsyncResultWrapper.WrappedAsyncResultBase`1.End()
   at System.Web.Mvc.Async.AsyncControllerActionInvoker.EndInvokeAction(IAsyncResult asyncResult)
   at System.Web.Mvc.Controller.<BeginExecuteCore>b__1d(IAsyncResult asyncResult, ExecuteCoreState innerState)
   at System.Web.Mvc.Async.AsyncResultWrapper.WrappedAsyncVoid`1.CallEndDelegate(IAsyncResult asyncResult)
   at System.Web.Mvc.Async.AsyncResultWrapper.WrappedAsyncResultBase`1.End()
   at System.Web.Mvc.Controller.EndExecuteCore(IAsyncResult asyncResult)
   at System.Web.Mvc.Controller.<BeginExecute>b__15(IAsyncResult asyncResult, Controller controller)
   at System.Web.Mvc.Async.AsyncResultWrapper.WrappedAsyncVoid`1.CallEndDelegate(IAsyncResult asyncResult)
   at System.Web.Mvc.Async.AsyncResultWrapper.WrappedAsyncResultBase`1.End()
   at System.Web.Mvc.Controller.EndExecute(IAsyncResult asyncResult)
   at System.Web.Mvc.Controller.System.Web.Mvc.Async.IAsyncController.EndExecute(IAsyncResult asyncResult)
   at System.Web.Mvc.MvcHandler.<BeginProcessRequest>b__5(IAsyncResult asyncResult, ProcessRequestState innerState)
   at System.Web.Mvc.Async.AsyncResultWrapper.WrappedAsyncVoid`1.CallEndDelegate(IAsyncResult asyncResult)
   at System.Web.Mvc.Async.AsyncResultWrapper.WrappedAsyncResultBase`1.End()
   at System.Web.Mvc.MvcHandler.EndProcessRequest(IAsyncResult asyncResult)
   at System.Web.Mvc.MvcHandler.System.Web.IHttpAsyncHandler.EndProcessRequest(IAsyncResult result)
   at System.Web.HttpApplication.CallHandlerExecutionStep.System.Web.HttpApplication.IExecutionStep.Execute()
   at System.Web.HttpApplication.ExecuteStepImpl(IExecutionStep step)
   at System.Web.HttpApplication.ExecuteStep(IExecutionStep step, Boolean& completedSynchronously)
System.Web.HttpException (0x80004005): Cannot redirect after HTTP headers have been sent.
   at System.Web.HttpResponse.Redirect(String url, Boolean endResponse, Boolean permanent)
   at System.Web.HttpResponseWrapper.Redirect(String url, Boolean endResponse)
   at System.Web.Mvc.RedirectResult.ExecuteResult(ControllerContext context)
   at System.Web.Mvc.ControllerActionInvoker.InvokeActionResult(ControllerContext controllerContext, ActionResult actionResult)
   at System.Web.Mvc.ControllerActionInvoker.InvokeActionResultFilterRecursive(IList`1 filters, Int32 filterIndex, ResultExecutingContext preContext, ControllerContext controllerContext, ActionResult actionResult)
   at System.Web.Mvc.ControllerActionInvoker.InvokeActionResultFilterRecursive(IList`1 filters, Int32 filterIndex, ResultExecutingContext preContext, ControllerContext controllerContext, ActionResult actionResult)
   at System.Web.Mvc.ControllerActionInvoker.InvokeActionResultFilterRecursive(IList`1 filters, Int32 filterIndex, ResultExecutingContext preContext, ControllerContext controllerContext, ActionResult actionResult)
   at System.Web.Mvc.ControllerActionInvoker.InvokeActionResultFilterRecursive(IList`1 filters, Int32 filterIndex, ResultExecutingContext preContext, ControllerContext controllerContext, ActionResult actionResult)
   at System.Web.Mvc.ControllerActionInvoker.InvokeActionResultFilterRecursive(IList`1 filters, Int32 filterIndex, ResultExecutingContext preContext, ControllerContext controllerContext, ActionResult actionResult)
   at System.Web.Mvc.ControllerActionInvoker.InvokeActionResultWithFilters(ControllerContext controllerContext, IList`1 filters, ActionResult actionResult)
   at System.Web.Mvc.Async.AsyncControllerActionInvoker.<>c__DisplayClass21.<>c__DisplayClass2b.<BeginInvokeAction>b__1c()
   at System.Web.Mvc.Async.AsyncControllerActionInvoker.<>c__DisplayClass21.<BeginInvokeAction>b__1e(IAsyncResult asyncResult)
   at System.Web.Mvc.Async.AsyncResultWrapper.WrappedAsyncResult`1.CallEndDelegate(IAsyncResult asyncResult)
   at System.Web.Mvc.Async.AsyncResultWrapper.WrappedAsyncResultBase`1.End()
   at System.Web.Mvc.Async.AsyncControllerActionInvoker.EndInvokeAction(IAsyncResult asyncResult)
   at System.Web.Mvc.Controller.<BeginExecuteCore>b__1d(IAsyncResult asyncResult, ExecuteCoreState innerState)
   at System.Web.Mvc.Async.AsyncResultWrapper.WrappedAsyncVoid`1.CallEndDelegate(IAsyncResult asyncResult)
   at System.Web.Mvc.Async.AsyncResultWrapper.WrappedAsyncResultBase`1.End()
   at System.Web.Mvc.Controller.EndExecuteCore(IAsyncResult asyncResult)
   at System.Web.Mvc.Controller.<BeginExecute>b__15(IAsyncResult asyncResult, Controller controller)
   at System.Web.Mvc.Async.AsyncResultWrapper.WrappedAsyncVoid`1.CallEndDelegate(IAsyncResult asyncResult)
   at System.Web.Mvc.Async.AsyncResultWrapper.WrappedAsyncResultBase`1.End()
   at System.Web.Mvc.Controller.EndExecute(IAsyncResult asyncResult)
   at System.Web.Mvc.Controller.System.Web.Mvc.Async.IAsyncController.EndExecute(IAsyncResult asyncResult)
   at System.Web.Mvc.MvcHandler.<BeginProcessRequest>b__5(IAsyncResult asyncResult, ProcessRequestState innerState)
   at System.Web.Mvc.Async.AsyncResultWrapper.WrappedAsyncVoid`1.CallEndDelegate(IAsyncResult asyncResult)
   at System.Web.Mvc.Async.AsyncResultWrapper.WrappedAsyncResultBase`1.End()
   at System.Web.Mvc.MvcHandler.EndProcessRequest(IAsyncResult asyncResult)
   at System.Web.Mvc.MvcHandler.System.Web.IHttpAsyncHandler.EndProcessRequest(IAsyncResult result)
   at System.Web.HttpApplication.CallHandlerExecutionStep.System.Web.HttpApplication.IExecutionStep.Execute()
   at System.Web.HttpApplication.ExecuteStepImpl(IExecutionStep step)
   at System.Web.HttpApplication.ExecuteStep(IExecutionStep step, Boolean& completedSynchronously)
2020-11-23 13:19:21,584 [9] ERROR EPiServer.ContentApi.Cms.Controllers.ContentApiController: ContentReference: Input string was not in a correct format.
EPiServer.Core.EPiServerException: ContentReference: Input string was not in a correct format.
   at EPiServer.Core.ContentReference.Parse(String s)
   at EPiServer.Core.ContentReference..ctor(String complexReference)
   at EPiServer.ContentApi.Cms.Controllers.ContentApiController.Get(String contentReference, List`1 languages, String expand, String select)
EPiServer.Core.EPiServerException: ContentReference: Input string was not in a correct format.
   at EPiServer.Core.ContentReference.Parse(String s)
   at EPiServer.Core.ContentReference..ctor(String complexReference)
   at EPiServer.ContentApi.Cms.Controllers.ContentApiController.Get(String contentReference, List`1 languages, String expand, String select)
2020-11-23 13:19:21,603 [9] ERROR EPiServer.ContentApi.Cms.Controllers.ContentApiController: Error occurred during Content Api Request
EPiServer.Core.EPiServerException: ContentReference: Input string was not in a correct format.
   at EPiServer.Core.ContentReference.Parse(String s)
   at EPiServer.Core.ContentReference..ctor(String complexReference)
   at EPiServer.ContentApi.Cms.Controllers.ContentApiController.Get(String contentReference, List`1 languages, String expand, String select)
EPiServer.Core.EPiServerException: ContentReference: Input string was not in a correct format.
   at EPiServer.Core.ContentReference.Parse(String s)
   at EPiServer.Core.ContentReference..ctor(String complexReference)
   at EPiServer.ContentApi.Cms.Controllers.ContentApiController.Get(String contentReference, List`1 languages, String expand, String select)
2020-11-23 13:34:18,930 [1] ERROR EPiServer.Framework.Initialization.InitializationEngine: Initialize action failed for 'Initialize on class EPiServer.ContentApi.Cms.ContentApiCmsInitialization, EPiServer.ContentApi.Cms, Version=2.17.0.0, Culture=neutral, PublicKeyToken=8fe83dea738b45b7'
System.ArgumentException: A route named 'MS_attributerouteWebApi' is already in the route collection. Route names must be unique.
Parameter name: name
   at System.Web.Routing.RouteCollection.Add(String name, RouteBase item)
   at System.Web.Http.WebHost.Routing.HostedHttpRouteCollection.Add(String name, IHttpRoute route)
   at System.Web.Http.Routing.AttributeRoutingMapper.MapAttributeRoutes(HttpConfiguration configuration, IInlineConstraintResolver constraintResolver, IDirectRouteProvider directRouteProvider)
   at System.Web.Http.HttpConfigurationExtensions.MapHttpAttributeRoutes(HttpConfiguration configuration)
   at EPiServer.ContentApi.Cms.ContentApiCmsInitialization.BuildDefaultHttpConfiguration(HttpConfiguration config)
   at EPiServer.ContentApi.Cms.ContentApiCmsInitialization.<Initialize>b__5_0(HttpConfiguration config)
   at System.Web.Http.GlobalConfiguration.Configure(Action`1 configurationCallback)
   at EPiServer.ContentApi.Cms.ContentApiCmsInitialization.Initialize(InitializationEngine context)
   at EPiServer.Framework.Initialization.Internal.ModuleNode.<>c__DisplayClass2_0.<Initialize>b__0()
   at EPiServer.Framework.Initialization.Internal.ModuleNode.Execute(Action a, String key)
   at EPiServer.Framework.Initialization.Internal.ModuleNode.Initialize(InitializationEngine context)
   at EPiServer.Framework.Initialization.InitializationEngine.InitializeModules()
System.ArgumentException: A route named 'MS_attributerouteWebApi' is already in the route collection. Route names must be unique.
Parameter name: name
   at System.Web.Routing.RouteCollection.Add(String name, RouteBase item)
   at System.Web.Http.WebHost.Routing.HostedHttpRouteCollection.Add(String name, IHttpRoute route)
   at System.Web.Http.Routing.AttributeRoutingMapper.MapAttributeRoutes(HttpConfiguration configuration, IInlineConstraintResolver constraintResolver, IDirectRouteProvider directRouteProvider)
   at System.Web.Http.HttpConfigurationExtensions.MapHttpAttributeRoutes(HttpConfiguration configuration)
   at EPiServer.ContentApi.Cms.ContentApiCmsInitialization.BuildDefaultHttpConfiguration(HttpConfiguration config)
   at EPiServer.ContentApi.Cms.ContentApiCmsInitialization.<Initialize>b__5_0(HttpConfiguration config)
   at System.Web.Http.GlobalConfiguration.Configure(Action`1 configurationCallback)
   at EPiServer.ContentApi.Cms.ContentApiCmsInitialization.Initialize(InitializationEngine context)
   at EPiServer.Framework.Initialization.Internal.ModuleNode.<>c__DisplayClass2_0.<Initialize>b__0()
   at EPiServer.Framework.Initialization.Internal.ModuleNode.Execute(Action a, String key)
   at EPiServer.Framework.Initialization.Internal.ModuleNode.Initialize(InitializationEngine context)
   at EPiServer.Framework.Initialization.InitializationEngine.InitializeModules()
2020-11-23 13:37:19,142 [1] ERROR EPiServer.Framework.Initialization.InitializationEngine: Initialize action failed for 'Initialize on class EPiServer.ContentApi.Cms.ContentApiCmsInitialization, EPiServer.ContentApi.Cms, Version=2.17.0.0, Culture=neutral, PublicKeyToken=8fe83dea738b45b7'
System.ArgumentException: A route named 'MS_attributerouteWebApi' is already in the route collection. Route names must be unique.
Parameter name: name
   at System.Web.Routing.RouteCollection.Add(String name, RouteBase item)
   at System.Web.Http.WebHost.Routing.HostedHttpRouteCollection.Add(String name, IHttpRoute route)
   at System.Web.Http.Routing.AttributeRoutingMapper.MapAttributeRoutes(HttpConfiguration configuration, IInlineConstraintResolver constraintResolver, IDirectRouteProvider directRouteProvider)
   at System.Web.Http.HttpConfigurationExtensions.MapHttpAttributeRoutes(HttpConfiguration configuration)
   at EPiServer.ContentApi.Cms.ContentApiCmsInitialization.BuildDefaultHttpConfiguration(HttpConfiguration config)
   at EPiServer.ContentApi.Cms.ContentApiCmsInitialization.<Initialize>b__5_0(HttpConfiguration config)
   at System.Web.Http.GlobalConfiguration.Configure(Action`1 configurationCallback)
   at EPiServer.ContentApi.Cms.ContentApiCmsInitialization.Initialize(InitializationEngine context)
   at EPiServer.Framework.Initialization.Internal.ModuleNode.<>c__DisplayClass2_0.<Initialize>b__0()
   at EPiServer.Framework.Initialization.Internal.ModuleNode.Execute(Action a, String key)
   at EPiServer.Framework.Initialization.Internal.ModuleNode.Initialize(InitializationEngine context)
   at EPiServer.Framework.Initialization.InitializationEngine.InitializeModules()
System.ArgumentException: A route named 'MS_attributerouteWebApi' is already in the route collection. Route names must be unique.
Parameter name: name
   at System.Web.Routing.RouteCollection.Add(String name, RouteBase item)
   at System.Web.Http.WebHost.Routing.HostedHttpRouteCollection.Add(String name, IHttpRoute route)
   at System.Web.Http.Routing.AttributeRoutingMapper.MapAttributeRoutes(HttpConfiguration configuration, IInlineConstraintResolver constraintResolver, IDirectRouteProvider directRouteProvider)
   at System.Web.Http.HttpConfigurationExtensions.MapHttpAttributeRoutes(HttpConfiguration configuration)
   at EPiServer.ContentApi.Cms.ContentApiCmsInitialization.BuildDefaultHttpConfiguration(HttpConfiguration config)
   at EPiServer.ContentApi.Cms.ContentApiCmsInitialization.<Initialize>b__5_0(HttpConfiguration config)
   at System.Web.Http.GlobalConfiguration.Configure(Action`1 configurationCallback)
   at EPiServer.ContentApi.Cms.ContentApiCmsInitialization.Initialize(InitializationEngine context)
   at EPiServer.Framework.Initialization.Internal.ModuleNode.<>c__DisplayClass2_0.<Initialize>b__0()
   at EPiServer.Framework.Initialization.Internal.ModuleNode.Execute(Action a, String key)
   at EPiServer.Framework.Initialization.Internal.ModuleNode.Initialize(InitializationEngine context)
   at EPiServer.Framework.Initialization.InitializationEngine.InitializeModules()
2020-11-23 13:38:08,756 [1] ERROR EPiServer.Framework.Initialization.InitializationEngine: Initialize action failed for 'Initialize on class EPiServer.ContentApi.Cms.ContentApiCmsInitialization, EPiServer.ContentApi.Cms, Version=2.17.0.0, Culture=neutral, PublicKeyToken=8fe83dea738b45b7'
System.ArgumentException: A route named 'MS_attributerouteWebApi' is already in the route collection. Route names must be unique.
Parameter name: name
   at System.Web.Routing.RouteCollection.Add(String name, RouteBase item)
   at System.Web.Http.WebHost.Routing.HostedHttpRouteCollection.Add(String name, IHttpRoute route)
   at System.Web.Http.Routing.AttributeRoutingMapper.MapAttributeRoutes(HttpConfiguration configuration, IInlineConstraintResolver constraintResolver, IDirectRouteProvider directRouteProvider)
   at System.Web.Http.HttpConfigurationExtensions.MapHttpAttributeRoutes(HttpConfiguration configuration)
   at EPiServer.ContentApi.Cms.ContentApiCmsInitialization.BuildDefaultHttpConfiguration(HttpConfiguration config)
   at EPiServer.ContentApi.Cms.ContentApiCmsInitialization.<Initialize>b__5_0(HttpConfiguration config)
   at System.Web.Http.GlobalConfiguration.Configure(Action`1 configurationCallback)
   at EPiServer.ContentApi.Cms.ContentApiCmsInitialization.Initialize(InitializationEngine context)
   at EPiServer.Framework.Initialization.Internal.ModuleNode.<>c__DisplayClass2_0.<Initialize>b__0()
   at EPiServer.Framework.Initialization.Internal.ModuleNode.Execute(Action a, String key)
   at EPiServer.Framework.Initialization.Internal.ModuleNode.Initialize(InitializationEngine context)
   at EPiServer.Framework.Initialization.InitializationEngine.InitializeModules()
System.ArgumentException: A route named 'MS_attributerouteWebApi' is already in the route collection. Route names must be unique.
Parameter name: name
   at System.Web.Routing.RouteCollection.Add(String name, RouteBase item)
   at System.Web.Http.WebHost.Routing.HostedHttpRouteCollection.Add(String name, IHttpRoute route)
   at System.Web.Http.Routing.AttributeRoutingMapper.MapAttributeRoutes(HttpConfiguration configuration, IInlineConstraintResolver constraintResolver, IDirectRouteProvider directRouteProvider)
   at System.Web.Http.HttpConfigurationExtensions.MapHttpAttributeRoutes(HttpConfiguration configuration)
   at EPiServer.ContentApi.Cms.ContentApiCmsInitialization.BuildDefaultHttpConfiguration(HttpConfiguration config)
   at EPiServer.ContentApi.Cms.ContentApiCmsInitialization.<Initialize>b__5_0(HttpConfiguration config)
   at System.Web.Http.GlobalConfiguration.Configure(Action`1 configurationCallback)
   at EPiServer.ContentApi.Cms.ContentApiCmsInitialization.Initialize(InitializationEngine context)
   at EPiServer.Framework.Initialization.Internal.ModuleNode.<>c__DisplayClass2_0.<Initialize>b__0()
   at EPiServer.Framework.Initialization.Internal.ModuleNode.Execute(Action a, String key)
   at EPiServer.Framework.Initialization.Internal.ModuleNode.Initialize(InitializationEngine context)
   at EPiServer.Framework.Initialization.InitializationEngine.InitializeModules()
2020-11-23 15:17:09,221 [35] ERROR EPiServer.Find.Cms.CmsUnifiedSearchSetUp: IAttachmentHelper can not be initiated.
2020-11-23 15:26:31,401 [1] ERROR EPiServer.Framework.Initialization.InitializationEngine: Initialize action failed for 'Initialize on class EPiServer.ContentApi.Search.ContentApiSearchInitialization, EPiServer.ContentApi.Search, Version=2.17.0.0, Culture=neutral, PublicKeyToken=8fe83dea738b45b7'
System.ArgumentException: A route named 'MS_attributerouteWebApi' is already in the route collection. Route names must be unique.
Parameter name: name
   at System.Web.Routing.RouteCollection.Add(String name, RouteBase item)
   at System.Web.Http.WebHost.Routing.HostedHttpRouteCollection.Add(String name, IHttpRoute route)
   at System.Web.Http.Routing.AttributeRoutingMapper.MapAttributeRoutes(HttpConfiguration configuration, IInlineConstraintResolver constraintResolver, IDirectRouteProvider directRouteProvider)
   at System.Web.Http.HttpConfigurationExtensions.MapHttpAttributeRoutes(HttpConfiguration configuration)
   at EPiServer.ContentApi.Search.ContentApiSearchInitialization.BuildDefaultHttpConfiguration(HttpConfiguration config)
   at EPiServer.ContentApi.Search.ContentApiSearchInitialization.<Initialize>b__5_0(HttpConfiguration config)
   at System.Web.Http.GlobalConfiguration.Configure(Action`1 configurationCallback)
   at EPiServer.ContentApi.Search.ContentApiSearchInitialization.Initialize(InitializationEngine context)
   at EPiServer.Framework.Initialization.Internal.ModuleNode.<>c__DisplayClass2_0.<Initialize>b__0()
   at EPiServer.Framework.Initialization.Internal.ModuleNode.Execute(Action a, String key)
   at EPiServer.Framework.Initialization.Internal.ModuleNode.Initialize(InitializationEngine context)
   at EPiServer.Framework.Initialization.InitializationEngine.InitializeModules()
System.ArgumentException: A route named 'MS_attributerouteWebApi' is already in the route collection. Route names must be unique.
Parameter name: name
   at System.Web.Routing.RouteCollection.Add(String name, RouteBase item)
   at System.Web.Http.WebHost.Routing.HostedHttpRouteCollection.Add(String name, IHttpRoute route)
   at System.Web.Http.Routing.AttributeRoutingMapper.MapAttributeRoutes(HttpConfiguration configuration, IInlineConstraintResolver constraintResolver, IDirectRouteProvider directRouteProvider)
   at System.Web.Http.HttpConfigurationExtensions.MapHttpAttributeRoutes(HttpConfiguration configuration)
   at EPiServer.ContentApi.Search.ContentApiSearchInitialization.BuildDefaultHttpConfiguration(HttpConfiguration config)
   at EPiServer.ContentApi.Search.ContentApiSearchInitialization.<Initialize>b__5_0(HttpConfiguration config)
   at System.Web.Http.GlobalConfiguration.Configure(Action`1 configurationCallback)
   at EPiServer.ContentApi.Search.ContentApiSearchInitialization.Initialize(InitializationEngine context)
   at EPiServer.Framework.Initialization.Internal.ModuleNode.<>c__DisplayClass2_0.<Initialize>b__0()
   at EPiServer.Framework.Initialization.Internal.ModuleNode.Execute(Action a, String key)
   at EPiServer.Framework.Initialization.Internal.ModuleNode.Initialize(InitializationEngine context)
   at EPiServer.Framework.Initialization.InitializationEngine.InitializeModules()
2020-11-23 15:29:04,217 [1] ERROR EPiServer.Framework.Initialization.InitializationEngine: Initialize action failed for 'Initialize on class EPiServer.ContentApi.Search.ContentApiSearchInitialization, EPiServer.ContentApi.Search, Version=2.17.0.0, Culture=neutral, PublicKeyToken=8fe83dea738b45b7'
System.ArgumentException: A route named 'MS_attributerouteWebApi' is already in the route collection. Route names must be unique.
Parameter name: name
   at System.Web.Routing.RouteCollection.Add(String name, RouteBase item)
   at System.Web.Http.WebHost.Routing.HostedHttpRouteCollection.Add(String name, IHttpRoute route)
   at System.Web.Http.Routing.AttributeRoutingMapper.MapAttributeRoutes(HttpConfiguration configuration, IInlineConstraintResolver constraintResolver, IDirectRouteProvider directRouteProvider)
   at System.Web.Http.HttpConfigurationExtensions.MapHttpAttributeRoutes(HttpConfiguration configuration)
   at EPiServer.ContentApi.Search.ContentApiSearchInitialization.BuildDefaultHttpConfiguration(HttpConfiguration config)
   at EPiServer.ContentApi.Search.ContentApiSearchInitialization.<Initialize>b__5_0(HttpConfiguration config)
   at System.Web.Http.GlobalConfiguration.Configure(Action`1 configurationCallback)
   at EPiServer.ContentApi.Search.ContentApiSearchInitialization.Initialize(InitializationEngine context)
   at EPiServer.Framework.Initialization.Internal.ModuleNode.<>c__DisplayClass2_0.<Initialize>b__0()
   at EPiServer.Framework.Initialization.Internal.ModuleNode.Execute(Action a, String key)
   at EPiServer.Framework.Initialization.Internal.ModuleNode.Initialize(InitializationEngine context)
   at EPiServer.Framework.Initialization.InitializationEngine.InitializeModules()
System.ArgumentException: A route named 'MS_attributerouteWebApi' is already in the route collection. Route names must be unique.
Parameter name: name
   at System.Web.Routing.RouteCollection.Add(String name, RouteBase item)
   at System.Web.Http.WebHost.Routing.HostedHttpRouteCollection.Add(String name, IHttpRoute route)
   at System.Web.Http.Routing.AttributeRoutingMapper.MapAttributeRoutes(HttpConfiguration configuration, IInlineConstraintResolver constraintResolver, IDirectRouteProvider directRouteProvider)
   at System.Web.Http.HttpConfigurationExtensions.MapHttpAttributeRoutes(HttpConfiguration configuration)
   at EPiServer.ContentApi.Search.ContentApiSearchInitialization.BuildDefaultHttpConfiguration(HttpConfiguration config)
   at EPiServer.ContentApi.Search.ContentApiSearchInitialization.<Initialize>b__5_0(HttpConfiguration config)
   at System.Web.Http.GlobalConfiguration.Configure(Action`1 configurationCallback)
   at EPiServer.ContentApi.Search.ContentApiSearchInitialization.Initialize(InitializationEngine context)
   at EPiServer.Framework.Initialization.Internal.ModuleNode.<>c__DisplayClass2_0.<Initialize>b__0()
   at EPiServer.Framework.Initialization.Internal.ModuleNode.Execute(Action a, String key)
   at EPiServer.Framework.Initialization.Internal.ModuleNode.Initialize(InitializationEngine context)
   at EPiServer.Framework.Initialization.InitializationEngine.InitializeModules()
2020-11-23 16:03:59,011 [6] ERROR EPiServer.ContentApi.Cms.Controllers.ContentApiController: Content was not found
EPiServer.Core.ContentNotFoundException: Content was not found
   at EPiServer.ContentApi.Cms.Controllers.ContentApiController.ResultFromContent(IContent content, String expand, String select, Boolean addMetadataHeaders, ContextMode contextMode, SiteDefinition site, String remainingRoute, String language)
   at EPiServer.ContentApi.Cms.Controllers.ContentApiController.Get(String contentReference, List`1 languages, String expand, String select)
EPiServer.Core.ContentNotFoundException: Content was not found
   at EPiServer.ContentApi.Cms.Controllers.ContentApiController.ResultFromContent(IContent content, String expand, String select, Boolean addMetadataHeaders, ContextMode contextMode, SiteDefinition site, String remainingRoute, String language)
   at EPiServer.ContentApi.Cms.Controllers.ContentApiController.Get(String contentReference, List`1 languages, String expand, String select)
2020-11-23 16:04:15,749 [9] ERROR EPiServer.ContentApi.Cms.Controllers.ContentApiController: Content was not found
EPiServer.Core.ContentNotFoundException: Content was not found
   at EPiServer.ContentApi.Cms.Controllers.ContentApiController.ResultFromContent(IContent content, String expand, String select, Boolean addMetadataHeaders, ContextMode contextMode, SiteDefinition site, String remainingRoute, String language)
   at EPiServer.ContentApi.Cms.Controllers.ContentApiController.Get(String contentReference, List`1 languages, String expand, String select)
EPiServer.Core.ContentNotFoundException: Content was not found
   at EPiServer.ContentApi.Cms.Controllers.ContentApiController.ResultFromContent(IContent content, String expand, String select, Boolean addMetadataHeaders, ContextMode contextMode, SiteDefinition site, String remainingRoute, String language)
   at EPiServer.ContentApi.Cms.Controllers.ContentApiController.Get(String contentReference, List`1 languages, String expand, String select)
